SSH_AUTH_SOCK: /tmp/keyring-FFC4KQ/ssh
pushed: Roundhouse-Dev-Docs
Finished running projectPush at Mon Apr  9 13:40:56 PDT 2012
pushed: Roundhouse-Dev-Docs
Finished running projectPush at Mon Apr  9 13:42:35 PDT 2012
Finished running projectPush at Mon Apr  9 13:54:35 PDT 2012
Finished running projectPush at Mon Apr  9 13:55:11 PDT 2012
pushed: Roundhouse-Dev-Docs
Finished running projectPush at Mon Apr  9 13:56:23 PDT 2012
Finished running projectPush at Mon Apr  9 13:57:16 PDT 2012
Finished running projectPush at Mon Apr  9 13:58:00 PDT 2012
pushed: Roundhouse-Dev-Docs
Finished running projectPush at Mon Apr  9 13:58:18 PDT 2012
Finished running projectPush at Mon Apr  9 13:58:49 PDT 2012
Finished running projectPush at Mon Apr  9 13:59:01 PDT 2012
Finished running projectPush at Mon Apr  9 14:00:36 PDT 2012
Finished running projectPush at Mon Apr  9 14:02:45 PDT 2012
Finished running projectPush at Mon Apr  9 14:02:55 PDT 2012
Finished running projectPush at Mon Apr  9 14:03:06 PDT 2012
pushed: Roundhouse-Dev-Docs
Finished running projectPush at Mon Apr  9 14:03:24 PDT 2012
pushed: Roundhouse-Dev-Docs
Finished running projectPush at Mon Apr  9 14:04:44 PDT 2012
pushed: Social-Analytics
Finished running projectPush at Tue Apr 10 11:04:22 PDT 2012
Finished running projectPush at Tue Apr 10 11:16:24 PDT 2012
